<?xml version="1.0" encoding="UTF-8"?>
<!-- Generated by org.testng.reporters.JUnitReportReporter -->
<testsuite hostname="DESKTOP-GLO536I" failures="0" tests="2" name="TestRunner.SauceRunner" time="7.790" errors="0" timestamp="2024-01-12T17:31:27 IST" skipped="0">
  <testcase classname="TestRunner.SauceRunner" name="runScenario" time="2.878"/>
  <system-out/>
  <testcase classname="TestRunner.SauceRunner" name="runScenario" time="4.912"/>
  <system-out/>
</testsuite> <!-- TestRunner.SauceRunner -->
