<?xml version="1.0" encoding="UTF-8"?>
<!-- Generated by org.testng.reporters.JUnitReportReporter -->
<testsuite hostname="DESKTOP-GLO536I" failures="0" tests="2" name="TestRunner.SauceRunner" time="6.856" errors="0" timestamp="2024-01-13T14:41:50 IST" skipped="0">
  <testcase classname="TestRunner.SauceRunner" name="runScenario" time="3.743"/>
  <system-out/>
  <testcase classname="TestRunner.SauceRunner" name="runScenario" time="3.113"/>
  <system-out/>
</testsuite> <!-- TestRunner.SauceRunner -->
